[0.005s] Invoking command in '/home/ubuntu/ros2_ws4/rmd_motor_hardware/build/rmd_motor_hardware': CMAKE_PREFIX_PATH=/home/ubuntu/ros2_ws/install/my_robot_controller:/opt/ros/humble /usr/bin/cmake /home/ubuntu/ros2_ws4/rmd_motor_hardware -DCMAKE_INSTALL_PREFIX=/home/ubuntu/ros2_ws4/rmd_motor_hardware/install/rmd_motor_hardware
[0.035s] -- The C compiler identification is GNU 11.4.0
[0.061s] -- The CXX compiler identification is GNU 11.4.0
[0.065s] -- Detecting C compiler ABI info
[0.093s] -- Detecting C compiler ABI info - done
[0.097s] -- Check for working C compiler: /usr/bin/cc - skipped
[0.097s] -- Detecting C compile features
[0.097s] -- Detecting C compile features - done
[0.099s] -- Detecting CXX compiler ABI info
[0.135s] -- Detecting CXX compiler ABI info - done
[0.138s] -- Check for working CXX compiler: /usr/bin/c++ - skipped
[0.138s] -- Detecting CXX compile features
[0.138s] -- Detecting CXX compile features - done
[0.140s] -- Found ament_cmake: 1.3.10 (/opt/ros/humble/share/ament_cmake/cmake)
[0.202s] -- Found Python3: /usr/bin/python3 (found version "3.10.12") found components: Interpreter 
[0.240s] -- Found hardware_interface: 2.43.0 (/opt/ros/humble/share/hardware_interface/cmake)
[0.256s] -- Found rosidl_generator_c: 3.1.5 (/opt/ros/humble/share/rosidl_generator_c/cmake)
[0.258s] -- Found rosidl_adapter: 3.1.5 (/opt/ros/humble/share/rosidl_adapter/cmake)
[0.261s] -- Found rosidl_generator_cpp: 3.1.5 (/opt/ros/humble/share/rosidl_generator_cpp/cmake)
[0.266s] -- Using all available rosidl_typesupport_c: rosidl_typesupport_fastrtps_c;rosidl_typesupport_introspection_c
[0.273s] -- Using all available rosidl_typesupport_cpp: rosidl_typesupport_fastrtps_cpp;rosidl_typesupport_introspection_cpp
[0.365s] -- Found rmw_implementation_cmake: 6.1.2 (/opt/ros/humble/share/rmw_implementation_cmake/cmake)
[0.366s] -- Found rmw_fastrtps_cpp: 6.2.7 (/opt/ros/humble/share/rmw_fastrtps_cpp/cmake)
[0.377s] -- Found TinyXML2 via Config file: TinyXML2_DIR-NOTFOUND
[0.391s] -- Found OpenSSL: /usr/lib/aarch64-linux-gnu/libcrypto.so (found version "3.0.2")  
[0.392s] -- Found TinyXML2 via Config file: TinyXML2_DIR-NOTFOUND
[0.398s] -- Found FastRTPS: /opt/ros/humble/include  
[0.401s] -- Found TinyXML2 via Config file: TinyXML2_DIR-NOTFOUND
[0.404s] -- Found TinyXML2 via Config file: TinyXML2_DIR-NOTFOUND
[0.408s] -- Using RMW implementation 'rmw_fastrtps_cpp' as default
[0.412s] -- Looking for pthread.h
[0.444s] -- Looking for pthread.h - found
[0.444s] -- Performing Test CMAKE_HAVE_LIBC_PTHREAD
[0.481s] -- Performing Test CMAKE_HAVE_LIBC_PTHREAD - Success
[0.482s] -- Found Threads: TRUE  
[0.508s] -- Found ament_lint_auto: 0.12.11 (/opt/ros/humble/share/ament_lint_auto/cmake)
[0.552s] -- Added test 'cppcheck' to perform static code analysis on C / C++ code
[0.552s] -- Configured cppcheck include dirs: /home/ubuntu/ros2_ws4/rmd_motor_hardware/include
[0.552s] -- Configured cppcheck exclude dirs and/or files: 
[0.553s] -- Added test 'lint_cmake' to check CMake code style
[0.556s] -- Added test 'uncrustify' to check C / C++ code style
[0.556s] -- Configured uncrustify additional arguments: 
[0.556s] -- Added test 'xmllint' to check XML markup files
[0.557s] -- Configuring done
[0.579s] -- Generating done
[0.580s] -- Build files have been written to: /home/ubuntu/ros2_ws4/rmd_motor_hardware/build/rmd_motor_hardware
[0.584s] Invoked command in '/home/ubuntu/ros2_ws4/rmd_motor_hardware/build/rmd_motor_hardware' returned '0': CMAKE_PREFIX_PATH=/home/ubuntu/ros2_ws/install/my_robot_controller:/opt/ros/humble /usr/bin/cmake /home/ubuntu/ros2_ws4/rmd_motor_hardware -DCMAKE_INSTALL_PREFIX=/home/ubuntu/ros2_ws4/rmd_motor_hardware/install/rmd_motor_hardware
[0.585s] Invoking command in '/home/ubuntu/ros2_ws4/rmd_motor_hardware/build/rmd_motor_hardware': CMAKE_PREFIX_PATH=/home/ubuntu/ros2_ws/install/my_robot_controller:/opt/ros/humble /usr/bin/cmake --build /home/ubuntu/ros2_ws4/rmd_motor_hardware/build/rmd_motor_hardware -- -j5 -l5
[0.605s] [ 50%] [32mBuilding CXX object CMakeFiles/rmd_motor_hardware.dir/src/rmd_motor_hardware_interface.cpp.o[0m
[0.616s] [01m[K/home/ubuntu/ros2_ws4/rmd_motor_hardware/src/rmd_motor_hardware_interface.cpp:1:10:[m[K [01;31m[Kfatal error: [m[Krmd_motor_hardware_interface.hpp: No such file or directory
[0.616s]     1 | #include [01;31m[K"rmd_motor_hardware_interface.hpp"[m[K
[0.616s]       |          [01;31m[K^~~~~~~~~~~~~~~~~~~~~~~~~~~~~~~~~~[m[K
[0.616s] compilation terminated.
[0.617s] gmake[2]: *** [CMakeFiles/rmd_motor_hardware.dir/build.make:76: CMakeFiles/rmd_motor_hardware.dir/src/rmd_motor_hardware_interface.cpp.o] Error 1
[0.617s] gmake[1]: *** [CMakeFiles/Makefile2:137: CMakeFiles/rmd_motor_hardware.dir/all] Error 2
[0.618s] gmake: *** [Makefile:146: all] Error 2
[0.618s] Invoked command in '/home/ubuntu/ros2_ws4/rmd_motor_hardware/build/rmd_motor_hardware' returned '2': CMAKE_PREFIX_PATH=/home/ubuntu/ros2_ws/install/my_robot_controller:/opt/ros/humble /usr/bin/cmake --build /home/ubuntu/ros2_ws4/rmd_motor_hardware/build/rmd_motor_hardware -- -j5 -l5
