[0.044s] DEBUG:colcon:Command line arguments: ['/usr/bin/colcon', 'build', '--packages-select', 'rmd_motor_hardware']
[0.044s] DEBUG:colcon:Parsed command line arguments: Namespace(log_base=None, log_level=None, verb_name='build', build_base='build', install_base='install', merge_install=False, symlink_install=False, test_result_base=None, continue_on_error=False, executor='parallel', parallel_workers=5, event_handlers=None, ignore_user_meta=False, metas=['./colcon.meta'], base_paths=['.'], packages_ignore=None, packages_ignore_regex=None, paths=None, packages_up_to=None, packages_up_to_regex=None, packages_above=None, packages_above_and_dependencies=None, packages_above_depth=None, packages_select_by_dep=None, packages_skip_by_dep=None, packages_skip_up_to=None, packages_select_build_failed=False, packages_skip_build_finished=False, packages_select_test_failures=False, packages_skip_test_passed=False, packages_select=['rmd_motor_hardware'], packages_skip=None, packages_select_regex=None, packages_skip_regex=None, packages_start=None, packages_end=None, allow_overriding=[], cmake_args=None, cmake_target=None, cmake_target_skip_unavailable=False, cmake_clean_cache=False, cmake_clean_first=False, cmake_force_configure=False, ament_cmake_args=None, catkin_cmake_args=None, catkin_skip_building_tests=False, verb_parser=<colcon_defaults.argument_parser.defaults.DefaultArgumentsDecorator object at 0xffffae2a4040>, verb_extension=<colcon_core.verb.build.BuildVerb object at 0xffffae26ba30>, main=<bound method BuildVerb.main of <colcon_core.verb.build.BuildVerb object at 0xffffae26ba30>>)
[0.101s] Level 1:colcon.colcon_core.package_discovery:discover_packages(colcon_meta) check parameters
[0.101s] Level 1:colcon.colcon_core.package_discovery:discover_packages(recursive) check parameters
[0.101s] Level 1:colcon.colcon_core.package_discovery:discover_packages(ignore) check parameters
[0.101s] Level 1:colcon.colcon_core.package_discovery:discover_packages(path) check parameters
[0.101s] Level 1:colcon.colcon_core.package_discovery:discover_packages(colcon_meta) discover
[0.101s] Level 1:colcon.colcon_core.package_discovery:discover_packages(recursive) discover
[0.101s] INFO:colcon.colcon_core.package_discovery:Crawling recursively for packages in '/home/ubuntu/ros2_ws4'
[0.101s] Level 1:colcon.colcon_core.package_identification:_identify(.) by extensions ['ignore', 'ignore_ament_install']
[0.101s] Level 1:colcon.colcon_core.package_identification:_identify(.) by extension 'ignore'
[0.101s] Level 1:colcon.colcon_core.package_identification:_identify(.) by extension 'ignore_ament_install'
[0.101s] Level 1:colcon.colcon_core.package_identification:_identify(.) by extensions ['colcon_pkg']
[0.101s] Level 1:colcon.colcon_core.package_identification:_identify(.) by extension 'colcon_pkg'
[0.101s] Level 1:colcon.colcon_core.package_identification:_identify(.) by extensions ['colcon_meta']
[0.101s] Level 1:colcon.colcon_core.package_identification:_identify(.) by extension 'colcon_meta'
[0.101s] Level 1:colcon.colcon_core.package_identification:_identify(.) by extensions ['ros']
[0.101s] Level 1:colcon.colcon_core.package_identification:_identify(.) by extension 'ros'
[0.106s] Level 1:colcon.colcon_core.package_identification:_identify(.) by extensions ['cmake', 'python']
[0.106s] Level 1:colcon.colcon_core.package_identification:_identify(.) by extension 'cmake'
[0.106s] Level 1:colcon.colcon_core.package_identification:_identify(.) by extension 'python'
[0.106s] Level 1:colcon.colcon_core.package_identification:_identify(.) by extensions ['python_setup_py']
[0.106s] Level 1:colcon.colcon_core.package_identification:_identify(.) by extension 'python_setup_py'
[0.106s] Level 1:colcon.colcon_core.package_identification:_identify(build) by extensions ['ignore', 'ignore_ament_install']
[0.106s] Level 1:colcon.colcon_core.package_identification:_identify(build) by extension 'ignore'
[0.106s] Level 1:colcon.colcon_core.package_identification:_identify(build) ignored
[0.106s] Level 1:colcon.colcon_core.package_identification:_identify(install) by extensions ['ignore', 'ignore_ament_install']
[0.106s] Level 1:colcon.colcon_core.package_identification:_identify(install) by extension 'ignore'
[0.106s] Level 1:colcon.colcon_core.package_identification:_identify(install) ignored
[0.106s] Level 1:colcon.colcon_core.package_identification:_identify(log) by extensions ['ignore', 'ignore_ament_install']
[0.106s] Level 1:colcon.colcon_core.package_identification:_identify(log) by extension 'ignore'
[0.106s] Level 1:colcon.colcon_core.package_identification:_identify(log) ignored
[0.106s] Level 1:colcon.colcon_core.package_identification:_identify(rmd_motor_hardware) by extensions ['ignore', 'ignore_ament_install']
[0.106s] Level 1:colcon.colcon_core.package_identification:_identify(rmd_motor_hardware) by extension 'ignore'
[0.106s] Level 1:colcon.colcon_core.package_identification:_identify(rmd_motor_hardware) by extension 'ignore_ament_install'
[0.106s] Level 1:colcon.colcon_core.package_identification:_identify(rmd_motor_hardware) by extensions ['colcon_pkg']
[0.106s] Level 1:colcon.colcon_core.package_identification:_identify(rmd_motor_hardware) by extension 'colcon_pkg'
[0.106s] Level 1:colcon.colcon_core.package_identification:_identify(rmd_motor_hardware) by extensions ['colcon_meta']
[0.106s] Level 1:colcon.colcon_core.package_identification:_identify(rmd_motor_hardware) by extension 'colcon_meta'
[0.106s] Level 1:colcon.colcon_core.package_identification:_identify(rmd_motor_hardware) by extensions ['ros']
[0.106s] Level 1:colcon.colcon_core.package_identification:_identify(rmd_motor_hardware) by extension 'ros'
[0.107s] DEBUG:colcon.colcon_core.package_identification:Package 'rmd_motor_hardware' with type 'ros.ament_cmake' and name 'rmd_motor_hardware'
[0.107s] Level 1:colcon.colcon_core.package_identification:_identify(test) by extensions ['ignore', 'ignore_ament_install']
[0.107s] Level 1:colcon.colcon_core.package_identification:_identify(test) by extension 'ignore'
[0.107s] Level 1:colcon.colcon_core.package_identification:_identify(test) by extension 'ignore_ament_install'
[0.107s] Level 1:colcon.colcon_core.package_identification:_identify(test) by extensions ['colcon_pkg']
[0.107s] Level 1:colcon.colcon_core.package_identification:_identify(test) by extension 'colcon_pkg'
[0.107s] Level 1:colcon.colcon_core.package_identification:_identify(test) by extensions ['colcon_meta']
[0.107s] Level 1:colcon.colcon_core.package_identification:_identify(test) by extension 'colcon_meta'
[0.108s] Level 1:colcon.colcon_core.package_identification:_identify(test) by extensions ['ros']
[0.108s] Level 1:colcon.colcon_core.package_identification:_identify(test) by extension 'ros'
[0.108s] Level 1:colcon.colcon_core.package_identification:_identify(test) by extensions ['cmake', 'python']
[0.108s] Level 1:colcon.colcon_core.package_identification:_identify(test) by extension 'cmake'
[0.108s] Level 1:colcon.colcon_core.package_identification:_identify(test) by extension 'python'
[0.108s] Level 1:colcon.colcon_core.package_identification:_identify(test) by extensions ['python_setup_py']
[0.108s] Level 1:colcon.colcon_core.package_identification:_identify(test) by extension 'python_setup_py'
[0.108s] Level 1:colcon.colcon_core.package_discovery:discover_packages(recursive) using defaults
[0.108s] Level 1:colcon.colcon_core.package_discovery:discover_packages(ignore) discover
[0.108s] Level 1:colcon.colcon_core.package_discovery:discover_packages(ignore) using defaults
[0.108s] Level 1:colcon.colcon_core.package_discovery:discover_packages(path) discover
[0.108s] Level 1:colcon.colcon_core.package_discovery:discover_packages(path) using defaults
[0.116s] Level 1:colcon.colcon_core.package_discovery:discover_packages(prefix_path) check parameters
[0.116s] Level 1:colcon.colcon_core.package_discovery:discover_packages(prefix_path) discover
[0.117s] DEBUG:colcon.colcon_installed_package_information.package_discovery:Found 1 installed packages in /home/ubuntu/ros2_ws/install
[0.118s] DEBUG:colcon.colcon_installed_package_information.package_discovery:Found 270 installed packages in /opt/ros/humble
[0.118s] Level 1:colcon.colcon_core.package_discovery:discover_packages(prefix_path) using defaults
[0.140s] Level 5:colcon.colcon_core.verb:set package 'rmd_motor_hardware' build argument 'cmake_args' from command line to 'None'
[0.140s] Level 5:colcon.colcon_core.verb:set package 'rmd_motor_hardware' build argument 'cmake_target' from command line to 'None'
[0.140s] Level 5:colcon.colcon_core.verb:set package 'rmd_motor_hardware' build argument 'cmake_target_skip_unavailable' from command line to 'False'
[0.140s] Level 5:colcon.colcon_core.verb:set package 'rmd_motor_hardware' build argument 'cmake_clean_cache' from command line to 'False'
[0.140s] Level 5:colcon.colcon_core.verb:set package 'rmd_motor_hardware' build argument 'cmake_clean_first' from command line to 'False'
[0.140s] Level 5:colcon.colcon_core.verb:set package 'rmd_motor_hardware' build argument 'cmake_force_configure' from command line to 'False'
[0.140s] Level 5:colcon.colcon_core.verb:set package 'rmd_motor_hardware' build argument 'ament_cmake_args' from command line to 'None'
[0.140s] Level 5:colcon.colcon_core.verb:set package 'rmd_motor_hardware' build argument 'catkin_cmake_args' from command line to 'None'
[0.140s] Level 5:colcon.colcon_core.verb:set package 'rmd_motor_hardware' build argument 'catkin_skip_building_tests' from command line to 'False'
[0.140s] DEBUG:colcon.colcon_core.verb:Building package 'rmd_motor_hardware' with the following arguments: {'ament_cmake_args': None, 'build_base': '/home/ubuntu/ros2_ws4/build/rmd_motor_hardware', 'catkin_cmake_args': None, 'catkin_skip_building_tests': False, 'cmake_args': None, 'cmake_clean_cache': False, 'cmake_clean_first': False, 'cmake_force_configure': False, 'cmake_target': None, 'cmake_target_skip_unavailable': False, 'install_base': '/home/ubuntu/ros2_ws4/install/rmd_motor_hardware', 'merge_install': False, 'path': '/home/ubuntu/ros2_ws4/rmd_motor_hardware', 'symlink_install': False, 'test_result_base': None}
[0.140s] INFO:colcon.colcon_core.executor:Executing jobs using 'parallel' executor
[0.140s] DEBUG:colcon.colcon_parallel_executor.executor.parallel:run_until_complete
[0.140s] INFO:colcon.colcon_ros.task.ament_cmake.build:Building ROS package in '/home/ubuntu/ros2_ws4/rmd_motor_hardware' with build type 'ament_cmake'
[0.140s] INFO:colcon.colcon_cmake.task.cmake.build:Building CMake package in '/home/ubuntu/ros2_ws4/rmd_motor_hardware'
[0.141s] INFO:colcon.colcon_core.plugin_system:Skipping extension 'colcon_core.shell.bat': Not used on non-Windows systems
[0.142s] INFO:colcon.colcon_core.shell:Skip shell extension 'powershell' for command environment: Not usable outside of PowerShell
[0.142s] DEBUG:colcon.colcon_core.shell:Skip shell extension 'dsv' for command environment
[0.147s] DEBUG:colcon.colcon_core.event_handler.log_command:Invoking command in '/home/ubuntu/ros2_ws4/build/rmd_motor_hardware': CMAKE_PREFIX_PATH=/home/ubuntu/ros2_ws/install/my_robot_controller:/opt/ros/humble /usr/bin/cmake /home/ubuntu/ros2_ws4/rmd_motor_hardware -DCMAKE_INSTALL_PREFIX=/home/ubuntu/ros2_ws4/install/rmd_motor_hardware
[0.586s] DEBUG:colcon.colcon_core.event_handler.log_command:Invoked command in '/home/ubuntu/ros2_ws4/build/rmd_motor_hardware' returned '1': CMAKE_PREFIX_PATH=/home/ubuntu/ros2_ws/install/my_robot_controller:/opt/ros/humble /usr/bin/cmake /home/ubuntu/ros2_ws4/rmd_motor_hardware -DCMAKE_INSTALL_PREFIX=/home/ubuntu/ros2_ws4/install/rmd_motor_hardware
[0.590s] Level 1:colcon.colcon_core.environment:create_environment_scripts_only(rmd_motor_hardware)
[0.592s] Level 1:colcon.colcon_core.environment:checking '/home/ubuntu/ros2_ws4/install/rmd_motor_hardware' for CMake module files
[0.592s] Level 1:colcon.colcon_core.environment:checking '/home/ubuntu/ros2_ws4/install/rmd_motor_hardware' for CMake config files
[0.592s] Level 1:colcon.colcon_core.environment:checking '/home/ubuntu/ros2_ws4/install/rmd_motor_hardware/bin'
[0.592s] Level 1:colcon.colcon_core.environment:checking '/home/ubuntu/ros2_ws4/install/rmd_motor_hardware/lib/pkgconfig/rmd_motor_hardware.pc'
[0.592s] Level 1:colcon.colcon_core.environment:checking '/home/ubuntu/ros2_ws4/install/rmd_motor_hardware/lib/python3.10/site-packages'
[0.592s] Level 1:colcon.colcon_core.environment:checking '/home/ubuntu/ros2_ws4/install/rmd_motor_hardware/bin'
[0.592s] INFO:colcon.colcon_core.shell:Creating package script '/home/ubuntu/ros2_ws4/install/rmd_motor_hardware/share/rmd_motor_hardware/package.ps1'
[0.593s] INFO:colcon.colcon_core.shell:Creating package descriptor '/home/ubuntu/ros2_ws4/install/rmd_motor_hardware/share/rmd_motor_hardware/package.dsv'
[0.593s] INFO:colcon.colcon_core.shell:Creating package script '/home/ubuntu/ros2_ws4/install/rmd_motor_hardware/share/rmd_motor_hardware/package.sh'
[0.593s] INFO:colcon.colcon_core.shell:Creating package script '/home/ubuntu/ros2_ws4/install/rmd_motor_hardware/share/rmd_motor_hardware/package.bash'
[0.593s] INFO:colcon.colcon_core.shell:Creating package script '/home/ubuntu/ros2_ws4/install/rmd_motor_hardware/share/rmd_motor_hardware/package.zsh'
[0.593s] Level 1:colcon.colcon_core.environment:create_file_with_runtime_dependencies(/home/ubuntu/ros2_ws4/install/rmd_motor_hardware/share/colcon-core/packages/rmd_motor_hardware)
[0.604s] DEBUG:colcon.colcon_parallel_executor.executor.parallel:closing loop
[0.604s] DEBUG:colcon.colcon_parallel_executor.executor.parallel:loop closed
[0.604s] DEBUG:colcon.colcon_parallel_executor.executor.parallel:run_until_complete finished with '1'
[0.604s] DEBUG:colcon.colcon_core.event_reactor:joining thread
[0.607s] INFO:colcon.colcon_core.plugin_system:Skipping extension 'colcon_notification.desktop_notification.terminal_notifier': Not used on non-Darwin systems
[0.607s] INFO:colcon.colcon_core.plugin_system:Skipping extension 'colcon_notification.desktop_notification.win32': Not used on non-Windows systems
[0.607s] INFO:colcon.colcon_notification.desktop_notification:Sending desktop notification using 'notify2'
[0.619s] DEBUG:colcon.colcon_core.event_reactor:joined thread
[0.619s] INFO:colcon.colcon_core.shell:Creating prefix script '/home/ubuntu/ros2_ws4/install/local_setup.ps1'
[0.620s] INFO:colcon.colcon_core.shell:Creating prefix util module '/home/ubuntu/ros2_ws4/install/_local_setup_util_ps1.py'
[0.621s] INFO:colcon.colcon_core.shell:Creating prefix chain script '/home/ubuntu/ros2_ws4/install/setup.ps1'
[0.621s] INFO:colcon.colcon_core.shell:Creating prefix script '/home/ubuntu/ros2_ws4/install/local_setup.sh'
[0.621s] INFO:colcon.colcon_core.shell:Creating prefix util module '/home/ubuntu/ros2_ws4/install/_local_setup_util_sh.py'
[0.622s] INFO:colcon.colcon_core.shell:Creating prefix chain script '/home/ubuntu/ros2_ws4/install/setup.sh'
[0.622s] INFO:colcon.colcon_core.shell:Creating prefix script '/home/ubuntu/ros2_ws4/install/local_setup.bash'
[0.622s] INFO:colcon.colcon_core.shell:Creating prefix chain script '/home/ubuntu/ros2_ws4/install/setup.bash'
[0.623s] INFO:colcon.colcon_core.shell:Creating prefix script '/home/ubuntu/ros2_ws4/install/local_setup.zsh'
[0.623s] INFO:colcon.colcon_core.shell:Creating prefix chain script '/home/ubuntu/ros2_ws4/install/setup.zsh'
